test_1_ (test_libcmd.CMDTest1) ... ok
test_0_init (test_confparse.CPTest1) ... ok
test_1_find_config (test_confparse.CPTest1) ... ok
test_2_load (test_confparse.CPTest1) ... ok
test_3_set_string (test_confparse.CPTest1) ... ok
test_4_lists (test_confparse.CPTest1) ... ok
test_5_copy (test_confparse.CPTest1) ... ok
test_6_commit (test_confparse.CPTest1) ... ok
test_1_ (test_confparse.CPTest2) ... ERROR
test_2_ (test_confparse.CPTest2) ... ok
test_1_read_dict (test_confparse2.CP2Test1) ... ok
test_1_read_dict_int (test_confparse2.CP2Test1) ... ok
test_1_read_list (test_confparse2.CP2Test1) ... ok
test_2_read_nested (test_confparse2.CP2Test1) ... ok
test_write (test_confparse2.CP2Test1) ... ok
test_1_ (test_taxus.TaxusTest1) ... ok
test_1_exclusive (test_res_fs.ResFsTest) ... ok
test_2_dir_walk (test_res_fs.ResFsTest) ... ok
unittest.case.FunctionTestCase (_test)
Res_FormatTest_sha1sum ... ok
unittest.case.FunctionTestCase (_test)
Res_FormatTest_sha1sum ... ok
unittest.case.FunctionTestCase (_test)
Res_FormatTest_sha1sum ... ok
unittest.case.FunctionTestCase (_test)
Res_FormatTest_sha1sum ... ok
unittest.case.FunctionTestCase (_test)
Res_FormatTest_sha1sum ... ok
unittest.case.FunctionTestCase (_test)
Res_FormatTest_sha1sum ... ok

======================================================================
ERROR: test_1_ (test_confparse.CPTest2)
----------------------------------------------------------------------
Traceback (most recent call last):
  File "/srv/project-mpe/script-mpe/test_confparse.py", line 57, in test_1_
    conf = expand_config_path(self.NAME).next()
StopIteration

----------------------------------------------------------------------
Ran 24 tests in 0.130s

FAILED (errors=1)
Coverage.py warning: Module rsr was never imported.
Coverage.py warning: Module radical was never imported.
Coverage.py warning: Module workLog was never imported.
